<?xml version="1.0" encoding="UTF-8"?>
<testsuite xmlns:xsi="http://www.w3.org/2001/XMLSchema-instance" xsi:noNamespaceSchemaLocation="https://maven.apache.org/surefire/maven-surefire-plugin/xsd/surefire-test-report-3.0.xsd" version="3.0" name="com.codegym.QuadraticEquationTest" time="0.049" tests="4" errors="0" skipped="0" failures="0">
  <properties>
[...]
</properties>
  <testcase name="testOneDoubleRoot" classname="com.codegym.QuadraticEquationTest" time="0.014"/>
  <testcase name="testLinearEquation" classname="com.codegym.QuadraticEquationTest" time="0.007"/>
  <testcase name="testNoRealRoots" classname="com.codegym.QuadraticEquationTest" time="0.004"/>
  <testcase name="testTwoDistinctRoots" classname="com.codegym.QuadraticEquationTest" time="0.0"/>
</testsuite>